<?xml version="1.0" encoding="UTF-8"?><testsuite errors="1" failures="0" name="As a user of store online I want to enter your website to buy an item." skipped="0" tests="1" time="15.21" timestamp="2021-01-22 11:09:47"><testcase name="Enter the store online  and buy an item."><error message="Could not instantiate class org.openqa.selenium.chrome.ChromeDriver" type="net.thucydides.core.webdriver.DriverConfigurationError">Could not instantiate class org.openqa.selenium.chrome.ChromeDriver</error><system-err>Could not instantiate class org.openqa.selenium.chrome.ChromeDriver&#13;
co.com.certification.sophos.ChallengeSolid.tasks.Start.performAs(Start.java:20)&#13;
co.com.certification.sophos.ChallengeSolid.stepdefinitions.ChallengeSolid.thatTheUserWantsToBuyAnItem(ChallengeSolid.java:19)&#13;
cucumber.runner.Runner.runPickle(Runner.java:80)&#13;
</system-err></testcase></testsuite>